<?xml version="1.0" encoding="utf-8"?><testsuites name="pytest tests"><testsuite name="pytest" errors="0" failures="1" skipped="0" tests="6" time="33.350" timestamp="2026-05-10T14:35:37.921313+00:00" hostname="agent-env-6869dbee-0f75-464d-a229-59bf0c0807b1"><testcase classname="backend.tests.test_sighteco_api" name="test_root_status" time="0.191" /><testcase classname="backend.tests.test_sighteco_api" name="test_predict_english" time="9.879" /><testcase classname="backend.tests.test_sighteco_api" name="test_predict_hindi" time="15.290" /><testcase classname="backend.tests.test_sighteco_api" name="test_predict_rejects_text" time="0.246" /><testcase classname="backend.tests.test_sighteco_api" name="test_history_list_after_predict" time="7.201"><failure message="AssertionError: assert 'image_preview' not in {'caption': 'A central grid of twenty-four dark, olive-green squares is set against a smooth, four-way color gradient. The background transitions from black and magenta at the top to bright green and white at the bottom. The squares within the grid have slight variations in shade, creating a subtle checkerboard pattern.', 'created_at': '2026-05-10T14:36:10.835001+00:00', 'id': 'e25da04c-a037-43dd-af7d-d92f75063c0f', 'image_preview': None, ...}">backend/tests/test_sighteco_api.py:88: in test_history_list_after_predict
    assert "image_preview" not in first
E   AssertionError: assert 'image_preview' not in {'caption': 'A central grid of twenty-four dark, olive-green squares is set against a smooth, four-way color gradient. The background transitions from black and magenta at the top to bright green and white at the bottom. The squares within the grid have slight variations in shade, creating a subtle checkerboard pattern.', 'created_at': '2026-05-10T14:36:10.835001+00:00', 'id': 'e25da04c-a037-43dd-af7d-d92f75063c0f', 'image_preview': None, ...}</failure></testcase><testcase classname="backend.tests.test_sighteco_api" name="test_history_clear" time="0.216" /></testsuite></testsuites>